  [ 33%] Built target bin2c
  [ 66%] Built target concat
  [ 75%] Built target cdload
  [35m[1mScanning dependencies of target PseudoSaturn
  [0m[ 79%] [32mBuilding C object src/CMakeFiles/PseudoSaturn.dir/main.c.obj
  D:/saturn/sample3/pseudosaturn/src/main.c: In function 'main':
  D:/saturn/sample3/pseudosaturn/src/main.c:408:8: warning: variable 'choice' set but not used [-Wunused-but-set-variable]
  [0m[31m[1mLinking C executable PseudoSaturn.elf
  [0m[34m[1mGenerating bin file PS.bin
  [0m[34m[1mGenerating bin file PseudoSaturn.bin
  [0m[34m[1mGenerating source file out of PS.bin
  [0m[ 87%] Built target PseudoSaturn
  [35m[1mScanning dependencies of target installer
  [0m[ 91%] [32mBuilding ASM object src/installer/CMakeFiles/installer.dir/crt0.s.obj
  [0m[ 95%] [32mBuilding C object src/installer/CMakeFiles/installer.dir/main.c.obj
  D:/saturn/sample3/pseudosaturn/src/installer/main.c: In function 'main':
  D:/saturn/sample3/pseudosaturn/src/installer/main.c:228:8: warning: variable 'choice' set but not used [-Wunused-but-set-variable]
  [0m[100%] [32mBuilding C object src/installer/CMakeFiles/installer.dir/ps_rom.c.obj
  [0m[31m[1mLinking C executable installer.elf
  [0m[34m[1mGenerating bin file installer.bin
  [0m[34m[1mGenerating disc image for installer
  Total translation table size: 0
  Total rockridge attributes bytes: 0
  Total directory bytes: 0
  Path table size(bytes): 10
  Max brk space used 3000
  625 extents written (1 Mb)
  [0m[100%] Built target installer
